Removed Pin From Net: NetName=GND Pin=C12-1
Removed Pin From Net: NetName=26V Pin=C12-2
Removed Pin From Net: NetName=GND Pin=C13-1
Removed Pin From Net: NetName=26V Pin=C13-2
Removed Pin From Net: NetName=GND Pin=C14-1
Removed Pin From Net: NetName=4.6V Pin=C14-2
Removed Pin From Net: NetName=3V3 Pin=C18-1
Removed Pin From Net: NetName=GND Pin=C18-2
Removed Pin From Net: NetName=3V3 Pin=C19-1
Removed Pin From Net: NetName=GND Pin=C19-2
Removed Pin From Net: NetName=GND Pin=C20-2
Removed Pin From Net: NetName=GND Pin=C21-2
Removed Pin From Net: NetName=4.6V Pin=R17-2
Removed Pin From Net: NetName=GND Pin=R19-1
Change Component Footprint: Designator=C18 Old Footprint=CAPC1005X55N New Footprint=CAP-0402
Change Component Footprint: Designator=C19 Old Footprint=FP-CL10-IPC_C New Footprint=CAP-0402
Change Component Footprint: Designator=C20 Old Footprint=FP-CL10-IPC_C New Footprint=CAP-0402
Change Component Footprint: Designator=C21 Old Footprint=FP-CL10-IPC_C New Footprint=CAP-0402
Change Component Footprint: Designator=C16 Old Footprint=FP-CL21-IPC_B New Footprint=CAP-0402
Change Component Footprint: Designator=C17 Old Footprint=FP-CL21-IPC_B New Footprint=CAP-0402
Change Component Comment : Designator=C18 Old Comment=0.1uF Ceramic Capacitor New Comment=CL05B104KO5NNNC
Change Component Comment : Designator=C16 Old Comment=2.2uF New Comment=CL05A225MQ5NSNC
Change Component Comment : Designator=C17 Old Comment=2.2uF New Comment=CL05A225MQ5NSNC
Change Component Comment : Designator=C19 Old Comment=10uF New Comment=CL05A106MQ5NUNC
Change Component Comment : Designator=C20 Old Comment=10uF New Comment=CL05A106MQ5NUNC
Change Component Comment : Designator=C21 Old Comment=10uF New Comment=CL05A106MQ5NUNC
Added Component: Designator=C22(WCAP-CSGP_0603_L1.6W0.8H0.8_Reflow)
Add component (AddParameter): Name = "Capacitance"; Value = "680nF"; VariantName = "[No Variations]"
Add component (AddParameter): Name = "Case Code (Imperial)"; Value = "0603"; VariantName = "[No Variations]"
Add component (AddParameter): Name = "Case Code (Metric)"; Value = "1608"; VariantName = "[No Variations]"
Add component (AddParameter): Name = "Case/Package"; Value = "0603"; VariantName = "[No Variations]"
Add component (AddParameter): Name = "Dielectric"; Value = "X5R"; VariantName = "[No Variations]"
Add component (AddParameter): Name = "Height"; Value = "800µm"; VariantName = "[No Variations]"
Add component (AddParameter): Name = "Insulation Resistance"; Value = "200MO"; VariantName = "[No Variations]"
Add component (AddParameter): Name = "Length"; Value = "1.6mm"; VariantName = "[No Variations]"
Add component (AddParameter): Name = "Max Operating Temperature"; Value = "85°C"; VariantName = "[No Variations]"
Add component (AddParameter): Name = "Min Operating Temperature"; Value = "-55°C"; VariantName = "[No Variations]"
Add component (AddParameter): Name = "Mount"; Value = "Surface Mount"; VariantName = "[No Variations]"
Add component (AddParameter): Name = "Packaging"; Value = "Tape & Reel (TR)"; VariantName = "[No Variations]"
Add component (AddParameter): Name = "RoHS"; Value = "Compliant"; VariantName = "[No Variations]"
Add component (AddParameter): Name = "Thickness"; Value = "939.8µm"; VariantName = "[No Variations]"
Add component (AddParameter): Name = "Tolerance"; Value = "20%"; VariantName = "[No Variations]"
Add component (AddParameter): Name = "Voltage Rating"; Value = "10V"; VariantName = "[No Variations]"
Add component (AddParameter): Name = "Voltage Rating (DC)"; Value = "10V"; VariantName = "[No Variations]"
Add component (AddParameter): Name = "Width"; Value = "800µm"; VariantName = "[No Variations]"
Added Component: Designator=C23(FP-0402B104K500CT-IPC_C)
Add component (AddParameter): Name = "Capacitance"; Value = "100nF"; VariantName = "[No Variations]"
Add component (AddParameter): Name = "Case Code (Imperial)"; Value = "0402"; VariantName = "[No Variations]"
Add component (AddParameter): Name = "Case Code (Metric)"; Value = "1005"; VariantName = "[No Variations]"
Add component (AddParameter): Name = "Case/Package"; Value = "0402"; VariantName = "[No Variations]"
Add component (AddParameter): Name = "Max Operating Temperature"; Value = "125°C"; VariantName = "[No Variations]"
Add component (AddParameter): Name = "Min Operating Temperature"; Value = "-55°C"; VariantName = "[No Variations]"
Add component (AddParameter): Name = "Mount"; Value = "Surface Mount"; VariantName = "[No Variations]"
Add component (AddParameter): Name = "Packaging"; Value = "Cut Tape"; VariantName = "[No Variations]"
Add component (AddParameter): Name = "RoHS Compliant"; Value = "Yes"; VariantName = "[No Variations]"
Add component (AddParameter): Name = "Series"; Value = "-"; VariantName = "[No Variations]"
Add component (AddParameter): Name = "Tolerance"; Value = "10%"; VariantName = "[No Variations]"
Add component (AddParameter): Name = "Voltage Rating"; Value = "50V"; VariantName = "[No Variations]"
Added Component: Designator=D1 - LED_blownA(FP-AP2012EC-MFG)
Added Component: Designator=D1 - LED_blownB(FP-AP2012EC-MFG)
Add component: Footprint Not Found 3582
Add component: Footprint Not Found 3582
Add component: Footprint Not Found TF01A
Added Component: Designator=L1(WE-XHMI_4040)
Add component (AddParameter): Name = "Parameter 1"; Value = "5.6uH"; VariantName = "[No Variations]"
Added Component: Designator=R21(FP-CRCW0603-e3-MFG)
Add component (AddParameter): Name = "Case/Package"; Value = "0603"; VariantName = "[No Variations]"
Add component (AddParameter): Name = "Composition"; Value = "Thick Film"; VariantName = "[No Variations]"
Add component (AddParameter): Name = "Features"; Value = "Automotive AEC-Q200"; VariantName = "[No Variations]"
Add component (AddParameter): Name = "Height"; Value = "0.02inch"; VariantName = "[No Variations]"
Add component (AddParameter): Name = "Lead Free"; Value = "Lead Free"; VariantName = "[No Variations]"
Add component (AddParameter): Name = "Length"; Value = "0.061inch"; VariantName = "[No Variations]"
Add component (AddParameter): Name = "Max Operating Temperature"; Value = "155°C"; VariantName = "[No Variations]"
Add component (AddParameter): Name = "Max Power Dissipation"; Value = "100mW"; VariantName = "[No Variations]"
Add component (AddParameter): Name = "Min Operating Temperature"; Value = "-55°C"; VariantName = "[No Variations]"
Add component (AddParameter): Name = "Number of Terminations"; Value = "2"; VariantName = "[No Variations]"
Add component (AddParameter): Name = "Package Quantity"; Value = "5000"; VariantName = "[No Variations]"
Add component (AddParameter): Name = "Packaging"; Value = "Tape and Reel"; VariantName = "[No Variations]"
Add component (AddParameter): Name = "Resistance"; Value = "100kR"; VariantName = "[No Variations]"
Add component (AddParameter): Name = "Temperature Coefficient"; Value = "100ppm/°C"; VariantName = "[No Variations]"
Add component (AddParameter): Name = "Tolerance"; Value = "1%"; VariantName = "[No Variations]"
Add component (AddParameter): Name = "Width"; Value = "0.033inch"; VariantName = "[No Variations]"
Added Component: Designator=R22(RESC2010(5025)_N)
Add component (AddParameter): Name = "Case-EIA"; Value = "2010"; VariantName = "[No Variations]"
Add component (AddParameter): Name = "Case-Metric"; Value = "5025"; VariantName = "[No Variations]"
Add component (AddParameter): Name = "Power"; Value = "0.75 W"; VariantName = "[No Variations]"
Add component (AddParameter): Name = "Technology"; Value = "SMT"; VariantName = "[No Variations]"
Add component (AddParameter): Name = "Tolerance"; Value = "1 %"; VariantName = "[No Variations]"
Add component (AddParameter): Name = "Value"; Value = "13700.00 Ohm"; VariantName = "[No Variations]"
Added Component: Designator=U3(FP-DDC0006A-IPC_A)
Added Pin To Net: NetName=GND Pin=C18-1
Added Pin To Net: NetName=3V3 Pin=C18-2
Added Pin To Net: NetName=GND Pin=C19-1
Added Pin To Net: NetName=3V3 Pin=C19-2
Added Pin To Net: NetName=GND Pin=C20-1
Added Pin To Net: NetName=GND Pin=C21-1
Added Pin To Net: NetName=GND Pin=C22-1
Added Pin To Net: NetName=26V Pin=C22-2
Add Pin To Net: Unknown Pin: Pin C24-2
Add Pin To Net: Unknown Pin: Pin C25-1
Add Pin To Net: Unknown Pin: Pin C25-2
Add Pin To Net: Unknown Pin: Pin D1 - LED_blownA-2
Add Pin To Net: Unknown Pin: Pin D1 - LED_blownB-2
Add Pin To Net: Unknown Pin: Pin Fuse1A-1
Add Pin To Net: Unknown Pin: Pin Fuse1A-2
Add Pin To Net: Unknown Pin: Pin Fuse1B-1
Add Pin To Net: Unknown Pin: Pin Fuse1B-2
Add Pin To Net: Unknown Pin: Pin J3-2
Add Pin To Net: Unknown Pin: Pin J3-3
Add Pin To Net: Unknown Pin: Pin J3-4
Add Pin To Net: Unknown Pin: Pin J3-5
Add Pin To Net: Unknown Pin: Pin J3-6
Add Pin To Net: Unknown Pin: Pin J3-7
Add Pin To Net: Unknown Pin: Pin J3-CD1
Add Pin To Net: Unknown Pin: Pin J3-MP1
Add Pin To Net: Unknown Pin: Pin J3-MP2
Add Pin To Net: Unknown Pin: Pin J3-MP3
Add Pin To Net: Unknown Pin: Pin J3-MP4
Added Pin To Net: NetName=4.6V Pin=L1-2
Added Pin To Net: NetName=4.6V Pin=R21-2
Added Pin To Net: NetName=GND Pin=R22-1
Add Pin To Net: Unknown Pin: Pin U3-1
Add Pin To Net: Unknown Pin: Pin U3-3
Added Pin To Net: NetName=NetC20_2 Pin=C20-2
Added Pin To Net: NetName=NetC20_2 Pin=C21-2
Added Pin To Net: NetName=NetC20_2 Pin=OLED1-27
Added Pin To Net: NetName=NetC20_2 Pin=OLED1-28
Added Net: Name=NetC20_2
Added Pin To Net: NetName=NetC23_1 Pin=C23-1
Added Net: Name=NetC23_1
Added Pin To Net: NetName=NetC23_2 Pin=C23-2
Added Pin To Net: NetName=NetC23_2 Pin=L1-1
Added Net: Name=NetC23_2
Added Pin To Net: NetName=NetC24_1 Pin=R21-1
Added Pin To Net: NetName=NetC24_1 Pin=R22-2
Added Net: Name=NetC24_1
Added Pin To Net: NetName=NetD1 - LED_blownA_1 Pin=Q1A-3
Added Pin To Net: NetName=NetD1 - LED_blownA_1 Pin=R_BLOWN1A-1
Added Net: Name=NetD1 - LED_blownA_1
Added Pin To Net: NetName=NetD1 - LED_blownB_1 Pin=Q1B-3
Added Pin To Net: NetName=NetD1 - LED_blownB_1 Pin=R_BLOWN1B-1
Added Net: Name=NetD1 - LED_blownB_1
Added Member To Class: ClassName=Buck + LDO Member=Component C22 885012106009
Added Member To Class: ClassName=Buck + LDO Member=Component C23 0402B104K500CT
Add Class Member: Failed to add class member : Component C24 Capacitor
Add Class Member: Failed to add class member : Component C25 Capacitor
Add Class Member: Failed to add class member : Component D1 - LED_blownA (D1 - LED_blown) AP2012EC
Add Class Member: Failed to add class member : Component D1 - LED_blownB (D1 - LED_blown) AP2012EC
Add Class Member: Failed to add class member : Component Fuse1A (Fuse1) 3582
Add Class Member: Failed to add class member : Component Fuse1B (Fuse1) 3582
Add Class Member: Failed to add class member : Component J3 TF-01A
Added Member To Class: ClassName=Buck + LDO Member=Component L1 74439325056
Added Member To Class: ClassName=Buck + LDO Member=Component R21 CRCW0603100KFKEI
Added Member To Class: ClassName=Buck + LDO Member=Component R22 13K7 1% 2010(5025)
Add Class Member: Failed to add class member : Component U3 TPS54202DDCR
