Added Component: Designator=D1 - LED_blownA(FP-AP2012EC-MFG)
Added Component: Designator=D1 - LED_blownB(FP-AP2012EC-MFG)
Added Component: Designator=Fuse1A(FP-178_6165-MFG)
Add component (AddParameter): Name = "Automotive"; Value = "No"; VariantName = "[No Variations]"
Add component (AddParameter): Name = "Category"; Value = "Fuse"; VariantName = "[No Variations]"
Add component (AddParameter): Name = "ComponentLink2Description"; Value = "Datasheet"; VariantName = "[No Variations]"
Add component (AddParameter): Name = "ComponentLink2URL"; Value = "https://www.littelfuse.com/~/media/commercial-vehicle/datasheets/automotive-fuse-holders/ato/littelfuse-fuse-holder-ato-flr-pcb-datasheet.pdf"; VariantName = "[No Variations]"
Add component (AddParameter): Name = "Conn Orientation"; Value = "Vertical"; VariantName = "[No Variations]"
Add component (AddParameter): Name = "Device Class L1"; Value = "Circuit Protection"; VariantName = "[No Variations]"
Add component (AddParameter): Name = "Device Class L2"; Value = "Fuse Holders"; VariantName = "[No Variations]"
Add component (AddParameter): Name = "Device Class L3"; Value = "unset"; VariantName = "[No Variations]"
Add component (AddParameter): Name = "Digikey Description"; Value = "FUSE HOLDER BLADE 80V PCB"; VariantName = "[No Variations]"
Add component (AddParameter): Name = "Height"; Value = "17.5mm"; VariantName = "[No Variations]"
Add component (AddParameter): Name = "Lead Free"; Value = "Yes"; VariantName = "[No Variations]"
Add component (AddParameter): Name = "Manufacturer"; Value = "Littelfuse"; VariantName = "[No Variations]"
Add component (AddParameter): Name = "Manufacturer Part Number"; Value = "178.6165.0002"; VariantName = "[No Variations]"
Add component (AddParameter): Name = "Mouser Description"; Value = "Fuse Holder FLR (ATO) PCB 4-pin Holder"; VariantName = "[No Variations]"
Add component (AddParameter): Name = "Number Of Fuses"; Value = "1"; VariantName = "[No Variations]"
Add component (AddParameter): Name = "Octopart"; Value = "https://octopart.com/178.6165.0002-littelfuse-13138759"; VariantName = "[No Variations]"
Add component (AddParameter): Name = "Package"; Value = "178.6165"; VariantName = "[No Variations]"
Add component (AddParameter): Name = "RoHS"; Value = "TRUE"; VariantName = "[No Variations]"
Add component (AddParameter): Name = "Standoff Height"; Value = "1mm"; VariantName = "[No Variations]"
Add component (AddParameter): Name = "Voltage Rating Ac"; Value = "80V"; VariantName = "[No Variations]"
Add component (AddParameter): Name = "Voltage Rating Dc"; Value = "80V"; VariantName = "[No Variations]"
Added Component: Designator=Fuse1B(FP-178_6165-MFG)
Add component (AddParameter): Name = "Automotive"; Value = "No"; VariantName = "[No Variations]"
Add component (AddParameter): Name = "Category"; Value = "Fuse"; VariantName = "[No Variations]"
Add component (AddParameter): Name = "ComponentLink2Description"; Value = "Datasheet"; VariantName = "[No Variations]"
Add component (AddParameter): Name = "ComponentLink2URL"; Value = "https://www.littelfuse.com/~/media/commercial-vehicle/datasheets/automotive-fuse-holders/ato/littelfuse-fuse-holder-ato-flr-pcb-datasheet.pdf"; VariantName = "[No Variations]"
Add component (AddParameter): Name = "Conn Orientation"; Value = "Vertical"; VariantName = "[No Variations]"
Add component (AddParameter): Name = "Device Class L1"; Value = "Circuit Protection"; VariantName = "[No Variations]"
Add component (AddParameter): Name = "Device Class L2"; Value = "Fuse Holders"; VariantName = "[No Variations]"
Add component (AddParameter): Name = "Device Class L3"; Value = "unset"; VariantName = "[No Variations]"
Add component (AddParameter): Name = "Digikey Description"; Value = "FUSE HOLDER BLADE 80V PCB"; VariantName = "[No Variations]"
Add component (AddParameter): Name = "Height"; Value = "17.5mm"; VariantName = "[No Variations]"
Add component (AddParameter): Name = "Lead Free"; Value = "Yes"; VariantName = "[No Variations]"
Add component (AddParameter): Name = "Manufacturer"; Value = "Littelfuse"; VariantName = "[No Variations]"
Add component (AddParameter): Name = "Manufacturer Part Number"; Value = "178.6165.0002"; VariantName = "[No Variations]"
Add component (AddParameter): Name = "Mouser Description"; Value = "Fuse Holder FLR (ATO) PCB 4-pin Holder"; VariantName = "[No Variations]"
Add component (AddParameter): Name = "Number Of Fuses"; Value = "1"; VariantName = "[No Variations]"
Add component (AddParameter): Name = "Octopart"; Value = "https://octopart.com/178.6165.0002-littelfuse-13138759"; VariantName = "[No Variations]"
Add component (AddParameter): Name = "Package"; Value = "178.6165"; VariantName = "[No Variations]"
Add component (AddParameter): Name = "RoHS"; Value = "TRUE"; VariantName = "[No Variations]"
Add component (AddParameter): Name = "Standoff Height"; Value = "1mm"; VariantName = "[No Variations]"
Add component (AddParameter): Name = "Voltage Rating Ac"; Value = "80V"; VariantName = "[No Variations]"
Add component (AddParameter): Name = "Voltage Rating Dc"; Value = "80V"; VariantName = "[No Variations]"
Add component: Footprint Not Found TF01A
Added Component: Designator=U3(FP-DDC0006A-IPC_A)
Add Pin To Net: Unknown Pin: Pin C24-1
Add Pin To Net: Unknown Pin: Pin C24-2
Add Pin To Net: Unknown Pin: Pin C25-1
Add Pin To Net: Unknown Pin: Pin C25-2
Add Pin To Net: Unknown Pin: Pin D1 - LED_blownA-1
Add Pin To Net: Unknown Pin: Pin D1 - LED_blownA-2
Add Pin To Net: Unknown Pin: Pin D1 - LED_blownB-1
Add Pin To Net: Unknown Pin: Pin D1 - LED_blownB-2
Added Pin To Net: NetName=Vmotor1 Pin=Fuse1A-1
Added Pin To Net: NetName=Vmotor1 Pin=Fuse1A-1
Added Pin To Net: NetName=Vmotor1 Pin=Fuse1A-1
Added Pin To Net: NetName=Vmotor1 Pin=Fuse1A-1
Added Pin To Net: NetName=NetD_Base1A_2 Pin=Fuse1A-2
Added Pin To Net: NetName=NetD_Base1A_2 Pin=Fuse1A-2
Added Pin To Net: NetName=NetD_Base1A_2 Pin=Fuse1A-2
Added Pin To Net: NetName=NetD_Base1A_2 Pin=Fuse1A-2
Added Pin To Net: NetName=Vmotor2 Pin=Fuse1B-1
Added Pin To Net: NetName=Vmotor2 Pin=Fuse1B-1
Added Pin To Net: NetName=Vmotor2 Pin=Fuse1B-1
Added Pin To Net: NetName=Vmotor2 Pin=Fuse1B-1
Added Pin To Net: NetName=NetD_Base1B_2 Pin=Fuse1B-2
Added Pin To Net: NetName=NetD_Base1B_2 Pin=Fuse1B-2
Added Pin To Net: NetName=NetD_Base1B_2 Pin=Fuse1B-2
Added Pin To Net: NetName=NetD_Base1B_2 Pin=Fuse1B-2
Add Pin To Net: Unknown Pin: Pin J3-2
Add Pin To Net: Unknown Pin: Pin J3-3
Add Pin To Net: Unknown Pin: Pin J3-4
Add Pin To Net: Unknown Pin: Pin J3-5
Add Pin To Net: Unknown Pin: Pin J3-6
Add Pin To Net: Unknown Pin: Pin J3-7
Add Pin To Net: Unknown Pin: Pin J3-CD1
Add Pin To Net: Unknown Pin: Pin J3-MP1
Add Pin To Net: Unknown Pin: Pin J3-MP2
Add Pin To Net: Unknown Pin: Pin J3-MP3
Add Pin To Net: Unknown Pin: Pin J3-MP4
Add Pin To Net: Unknown Pin: Pin U3-1
Add Pin To Net: Unknown Pin: Pin U3-2
Add Pin To Net: Unknown Pin: Pin U3-3
Add Pin To Net: Unknown Pin: Pin U3-4
Add Pin To Net: Unknown Pin: Pin U3-6
Add Class Member: Failed to add class member : Component C24 Capacitor
Add Class Member: Failed to add class member : Component C25 Capacitor
Add Class Member: Failed to add class member : Component D1 - LED_blownA (D1 - LED_blown) AP2012EC
Add Class Member: Failed to add class member : Component D1 - LED_blownB (D1 - LED_blown) AP2012EC
Added Member To Class: ClassName=F1 Member=Component Fuse1A (Fuse1) 178.6165.0002
Added Member To Class: ClassName=F2 Member=Component Fuse1B (Fuse1) 178.6165.0002
Add Class Member: Failed to add class member : Component J3 TF-01A
Add Class Member: Failed to add class member : Component U3 TPS54202DDCR
