Added Component: Designator=D_LED1(FP-AP2012EC-MFG)
Added Component: Designator=D_LED2(FP-AP2012EC-MFG)
Added Component: Designator=D_LEDA(FP-AP2012EC-MFG)
Added Component: Designator=D_LEDB(FP-AP2012EC-MFG)
Added Component: Designator=R21(FP-CRCW0603-e3-MFG)
Added Component: Designator=U3(FP-DDC0006A-IPC_A)
Add Pin To Net: Unknown Pin: Pin D_LED1-1
Add Pin To Net: Unknown Pin: Pin D_LED1-2
Add Pin To Net: Unknown Pin: Pin D_LED2-1
Add Pin To Net: Unknown Pin: Pin D_LED2-2
Add Pin To Net: Unknown Pin: Pin D_LEDA-1
Add Pin To Net: Unknown Pin: Pin D_LEDA-2
Add Pin To Net: Unknown Pin: Pin D_LEDB-1
Add Pin To Net: Unknown Pin: Pin D_LEDB-2
Add Pin To Net: Unknown Pin: Pin R21-1
Add Pin To Net: Unknown Pin: Pin R21-2
Add Pin To Net: Unknown Pin: Pin U3-1
Add Pin To Net: Unknown Pin: Pin U3-2
Add Pin To Net: Unknown Pin: Pin U3-3
Add Pin To Net: Unknown Pin: Pin U3-4
Add Pin To Net: Unknown Pin: Pin U3-6
Add Class Member: Failed to add class member : Component D_LED1 AP2012EC
Add Class Member: Failed to add class member : Component D_LED2 AP2012EC
Add Class Member: Failed to add class member : Component D_LEDA (D_LED) AP2012EC
Add Class Member: Failed to add class member : Component D_LEDB (D_LED) AP2012EC
Add Class Member: Failed to add class member : Component R21 CRCW0603100KFKEI
Add Class Member: Failed to add class member : Component U3 TPS54202DDCR
