Removed Pin From Net: NetName=GND Pin=C12-1
Removed Pin From Net: NetName=26V Pin=C12-2
Removed Pin From Net: NetName=GND Pin=C13-1
Removed Pin From Net: NetName=26V Pin=C13-2
Removed Pin From Net: NetName=GND Pin=C14-1
Removed Pin From Net: NetName=4.6V Pin=C14-2
Removed Pin From Net: NetName=4.6V Pin=R17-2
Removed Pin From Net: NetName=GND Pin=R19-1
Removed Member From Class: ClassName=Buck + LDO Member=C11
Removed Member From Class: ClassName=Buck + LDO Member=C12
Removed Member From Class: ClassName=Buck + LDO Member=C13
Removed Member From Class: ClassName=Buck + LDO Member=C14
Removed Member From Class: ClassName=Buck + LDO Member=R17
Removed Member From Class: ClassName=Buck + LDO Member=R18
Removed Member From Class: ClassName=Buck + LDO Member=R19
Change Footprint: Footprint Not Found FP-CL10-IPC_C
Change Footprint: Footprint Not Found FP-CL10-IPC_C
Change Footprint: Footprint Not Found FP-CL10-IPC_C
Change Footprint: Footprint Not Found FP-CL21-IPC_B
Change Footprint: Footprint Not Found FP-CL21-IPC_B
Change Managed Component Library Link : Designator=C16 Old VaultGUID=B7D15EC3-160A-466F-A46C-7801FE6295A7 New VaultGUID= Old ItemGUID=3769B0F2-407C-4835-B020-2200664F2F60 New ItemGUID= Old RevisionGUID=3C354EF0-F123-4DD0-8933-03FA3527A3B6 New RevisionGUID=
Change Managed Component Library Link : Designator=C17 Old VaultGUID=B7D15EC3-160A-466F-A46C-7801FE6295A7 New VaultGUID= Old ItemGUID=3769B0F2-407C-4835-B020-2200664F2F60 New ItemGUID= Old RevisionGUID=3C354EF0-F123-4DD0-8933-03FA3527A3B6 New RevisionGUID=
Change Managed Component Library Link : Designator=C19 Old VaultGUID=B7D15EC3-160A-466F-A46C-7801FE6295A7 New VaultGUID= Old ItemGUID=E91FAE26-6AF3-4812-89F9-733981BEE964 New ItemGUID= Old RevisionGUID=FE88D36D-2849-422F-B2B6-C60B95F07C4E New RevisionGUID=
Change Managed Component Library Link : Designator=C20 Old VaultGUID=B7D15EC3-160A-466F-A46C-7801FE6295A7 New VaultGUID= Old ItemGUID=E91FAE26-6AF3-4812-89F9-733981BEE964 New ItemGUID= Old RevisionGUID=FE88D36D-2849-422F-B2B6-C60B95F07C4E New RevisionGUID=
Change Managed Component Library Link : Designator=C21 Old VaultGUID=B7D15EC3-160A-466F-A46C-7801FE6295A7 New VaultGUID= Old ItemGUID=E91FAE26-6AF3-4812-89F9-733981BEE964 New ItemGUID= Old RevisionGUID=FE88D36D-2849-422F-B2B6-C60B95F07C4E New RevisionGUID=
Change component parameters: Designator = "C19" ("C19"); Footprint = "FP-CL10-IPC_C"; UniqueID = "\EZSMIZMW\SULGYBPV\DGHIATJF" ("\EZSMIZMW\SULGYBPV\DGHIATJF")
Change component parameters (AddParameter): Name = "Capacitance"; Value = "10uF"; VariantName = "[No Variations]"
Change component parameters (AddParameter): Name = "Capacitance @ 1.2V DC Bias"; Value = "7.392uF"; VariantName = "[No Variations]"
Change component parameters (AddParameter): Name = "Capacitance @ 1.5V DC Bias"; Value = "6.639uF"; VariantName = "[No Variations]"
Change component parameters (AddParameter): Name = "Capacitance @ 1.8V DC Bias"; Value = "5.875uF"; VariantName = "[No Variations]"
Change component parameters (AddParameter): Name = "Capacitance @ 1.35V DC Bias"; Value = "7.025uF"; VariantName = "[No Variations]"
Change component parameters (AddParameter): Name = "Capacitance @ 1V DC Bias"; Value = "7.816uF"; VariantName = "[No Variations]"
Change component parameters (AddParameter): Name = "Capacitance @ 2.5V DC Bias"; Value = "4.552uF"; VariantName = "[No Variations]"
Change component parameters (AddParameter): Name = "Capacitance @ 3.3V DC Bias"; Value = "3.499uF"; VariantName = "[No Variations]"
Change component parameters (AddParameter): Name = "Capacitance @ 3.7V DC Bias"; Value = "3.122uF"; VariantName = "[No Variations]"
Change component parameters (AddParameter): Name = "Capacitance @ 4.2V DC Bias"; Value = "2.720uF"; VariantName = "[No Variations]"
Change component parameters (AddParameter): Name = "Capacitance @ 5V DC Bias"; Value = "2.236uF"; VariantName = "[No Variations]"
Change component parameters (AddParameter): Name = "Category"; Value = "Capacitors - MLCC"; VariantName = "[No Variations]"
Change component parameters (AddParameter): Name = "ComponentLink1Description"; Value = "Datasheet"; VariantName = "[No Variations]"
Change component parameters (AddParameter): Name = "ComponentLink1URL"; Value = "https://wmsc.lcsc.com/wmsc/upload/file/pdf/v2/lcsc/2208231630_Samsung-Electro-Mechanics-CL05A106MQ5NUNC_C15525.pdf"; VariantName = "[No Variations]"
Change component parameters (AddParameter): Name = "ComponentLink2Description"; Value = "JLCPCB Part URL"; VariantName = "[No Variations]"
Change component parameters (AddParameter): Name = "ComponentLink2URL"; Value = "https://jlcpcb.com/partdetail/C15525"; VariantName = "[No Variations]"
Change component parameters (AddParameter): Name = "ComponentLink3Description"; Value = "LCSC Part URL"; VariantName = "[No Variations]"
Change component parameters (AddParameter): Name = "ComponentLink3URL"; Value = "https://lcsc.com/product-detail/Multilayer-Ceramic-Capacitors-MLCC---SMD-SMT_Samsung-Electro-Mechanics-Samsung-Electro-Mechanics-CL05A106MQ5NUNC_C15525.html"; VariantName = "[No Variations]"
Change component parameters (AddParameter): Name = "ComponentLink4Description"; Value = "Samsung Component Library"; VariantName = "[No Variations]"
Change component parameters (AddParameter): Name = "ComponentLink4URL"; Value = "https://weblib.samsungsem.com/mlcc/mlcc-ec.do?partNumber=CL05A106MQ5NUN"; VariantName = "[No Variations]"
Change component parameters (AddParameter): Name = "Impedance (0V Bias) @ 1GHz"; Value = "0.567O"; VariantName = "[No Variations]"
Change component parameters (AddParameter): Name = "Impedance (0V Bias) @ 1kHz"; Value = "25.3O"; VariantName = "[No Variations]"
Change component parameters (AddParameter): Name = "Impedance (0V Bias) @ 1MHz"; Value = "0.026O"; VariantName = "[No Variations]"
Change component parameters (AddParameter): Name = "Impedance (0V Bias) @ 2GHz"; Value = "1.33O"; VariantName = "[No Variations]"
Change component parameters (AddParameter): Name = "Impedance (0V Bias) @ 5GHz"; Value = "2.66O"; VariantName = "[No Variations]"
Change component parameters (AddParameter): Name = "Impedance (0V Bias) @ 5kHz"; Value = "5.23O"; VariantName = "[No Variations]"
Change component parameters (AddParameter): Name = "Impedance (0V Bias) @ 5MHz"; Value = "0.012O"; VariantName = "[No Variations]"
Change component parameters (AddParameter): Name = "Impedance (0V Bias) @ 10kHz"; Value = "2.64O"; VariantName = "[No Variations]"
Change component parameters (AddParameter): Name = "Impedance (0V Bias) @ 10MHz"; Value = "0.0181O"; VariantName = "[No Variations]"
Change component parameters (AddParameter): Name = "Impedance (0V Bias) @ 50kHz"; Value = "0.544O"; VariantName = "[No Variations]"
Change component parameters (AddParameter): Name = "Impedance (0V Bias) @ 50MHz"; Value = "0.0531O"; VariantName = "[No Variations]"
Change component parameters (AddParameter): Name = "Impedance (0V Bias) @ 100Hz"; Value = "243O"; VariantName = "[No Variations]"
Change component parameters (AddParameter): Name = "Impedance (0V Bias) @ 100kHz"; Value = "0.275O"; VariantName = "[No Variations]"
Change component parameters (AddParameter): Name = "Impedance (0V Bias) @ 100MHz"; Value = "0.09O"; VariantName = "[No Variations]"
Change component parameters (AddParameter): Name = "Impedance (0V Bias) @ 500Hz"; Value = "50O"; VariantName = "[No Variations]"
Change component parameters (AddParameter): Name = "Impedance (0V Bias) @ 500kHz"; Value = "0.0554O"; VariantName = "[No Variations]"
Change component parameters (AddParameter): Name = "Impedance (0V Bias) @ 500MHz"; Value = "0.323O"; VariantName = "[No Variations]"
Change component parameters (AddParameter): Name = "JLCPCB Basic Part"; Value = "Yes"; VariantName = "[No Variations]"
Change component parameters (AddParameter): Name = "JLCPCB Part Number"; Value = "C15525"; VariantName = "[No Variations]"
Change component parameters (AddParameter): Name = "Manufacturer"; Value = "Samsung Electro-Mechanics"; VariantName = "[No Variations]"
Change component parameters (AddParameter): Name = "Manufacturer Part Number"; Value = "CL05A106MQ5NUNC"; VariantName = "[No Variations]"
Change component parameters (AddParameter): Name = "Package Size"; Value = "0402"; VariantName = "[No Variations]"
Change component parameters (AddParameter): Name = "RoHS"; Value = "Yes"; VariantName = "[No Variations]"
Change component parameters (AddParameter): Name = "Supplier 1"; Value = "LCSC"; VariantName = "[No Variations]"
Change component parameters (AddParameter): Name = "Supplier Part Number 1"; Value = "C15525"; VariantName = "[No Variations]"
Change component parameters (AddParameter): Name = "Temperature Coefficient"; Value = "X5R"; VariantName = "[No Variations]"
Change component parameters (AddParameter): Name = "Temperature Rating"; Value = "-55°C ~ 85°C"; VariantName = "[No Variations]"
Change component parameters (AddParameter): Name = "Tolerance"; Value = "±20%"; VariantName = "[No Variations]"
Change component parameters (AddParameter): Name = "Voltage Rating"; Value = "6.3V"; VariantName = "[No Variations]"
Change component parameters: Designator = "C20" ("C20"); Footprint = "FP-CL10-IPC_C"; UniqueID = "\EZSMIZMW\SULGYBPV\ZKRRFATA" ("\EZSMIZMW\SULGYBPV\ZKRRFATA")
Change component parameters (AddParameter): Name = "Capacitance"; Value = "10uF"; VariantName = "[No Variations]"
Change component parameters (AddParameter): Name = "Capacitance @ 1.2V DC Bias"; Value = "7.392uF"; VariantName = "[No Variations]"
Change component parameters (AddParameter): Name = "Capacitance @ 1.5V DC Bias"; Value = "6.639uF"; VariantName = "[No Variations]"
Change component parameters (AddParameter): Name = "Capacitance @ 1.8V DC Bias"; Value = "5.875uF"; VariantName = "[No Variations]"
Change component parameters (AddParameter): Name = "Capacitance @ 1.35V DC Bias"; Value = "7.025uF"; VariantName = "[No Variations]"
Change component parameters (AddParameter): Name = "Capacitance @ 1V DC Bias"; Value = "7.816uF"; VariantName = "[No Variations]"
Change component parameters (AddParameter): Name = "Capacitance @ 2.5V DC Bias"; Value = "4.552uF"; VariantName = "[No Variations]"
Change component parameters (AddParameter): Name = "Capacitance @ 3.3V DC Bias"; Value = "3.499uF"; VariantName = "[No Variations]"
Change component parameters (AddParameter): Name = "Capacitance @ 3.7V DC Bias"; Value = "3.122uF"; VariantName = "[No Variations]"
Change component parameters (AddParameter): Name = "Capacitance @ 4.2V DC Bias"; Value = "2.720uF"; VariantName = "[No Variations]"
Change component parameters (AddParameter): Name = "Capacitance @ 5V DC Bias"; Value = "2.236uF"; VariantName = "[No Variations]"
Change component parameters (AddParameter): Name = "Category"; Value = "Capacitors - MLCC"; VariantName = "[No Variations]"
Change component parameters (AddParameter): Name = "ComponentLink1Description"; Value = "Datasheet"; VariantName = "[No Variations]"
Change component parameters (AddParameter): Name = "ComponentLink1URL"; Value = "https://wmsc.lcsc.com/wmsc/upload/file/pdf/v2/lcsc/2208231630_Samsung-Electro-Mechanics-CL05A106MQ5NUNC_C15525.pdf"; VariantName = "[No Variations]"
Change component parameters (AddParameter): Name = "ComponentLink2Description"; Value = "JLCPCB Part URL"; VariantName = "[No Variations]"
Change component parameters (AddParameter): Name = "ComponentLink2URL"; Value = "https://jlcpcb.com/partdetail/C15525"; VariantName = "[No Variations]"
Change component parameters (AddParameter): Name = "ComponentLink3Description"; Value = "LCSC Part URL"; VariantName = "[No Variations]"
Change component parameters (AddParameter): Name = "ComponentLink3URL"; Value = "https://lcsc.com/product-detail/Multilayer-Ceramic-Capacitors-MLCC---SMD-SMT_Samsung-Electro-Mechanics-Samsung-Electro-Mechanics-CL05A106MQ5NUNC_C15525.html"; VariantName = "[No Variations]"
Change component parameters (AddParameter): Name = "ComponentLink4Description"; Value = "Samsung Component Library"; VariantName = "[No Variations]"
Change component parameters (AddParameter): Name = "ComponentLink4URL"; Value = "https://weblib.samsungsem.com/mlcc/mlcc-ec.do?partNumber=CL05A106MQ5NUN"; VariantName = "[No Variations]"
Change component parameters (AddParameter): Name = "Impedance (0V Bias) @ 1GHz"; Value = "0.567O"; VariantName = "[No Variations]"
Change component parameters (AddParameter): Name = "Impedance (0V Bias) @ 1kHz"; Value = "25.3O"; VariantName = "[No Variations]"
Change component parameters (AddParameter): Name = "Impedance (0V Bias) @ 1MHz"; Value = "0.026O"; VariantName = "[No Variations]"
Change component parameters (AddParameter): Name = "Impedance (0V Bias) @ 2GHz"; Value = "1.33O"; VariantName = "[No Variations]"
Change component parameters (AddParameter): Name = "Impedance (0V Bias) @ 5GHz"; Value = "2.66O"; VariantName = "[No Variations]"
Change component parameters (AddParameter): Name = "Impedance (0V Bias) @ 5kHz"; Value = "5.23O"; VariantName = "[No Variations]"
Change component parameters (AddParameter): Name = "Impedance (0V Bias) @ 5MHz"; Value = "0.012O"; VariantName = "[No Variations]"
Change component parameters (AddParameter): Name = "Impedance (0V Bias) @ 10kHz"; Value = "2.64O"; VariantName = "[No Variations]"
Change component parameters (AddParameter): Name = "Impedance (0V Bias) @ 10MHz"; Value = "0.0181O"; VariantName = "[No Variations]"
Change component parameters (AddParameter): Name = "Impedance (0V Bias) @ 50kHz"; Value = "0.544O"; VariantName = "[No Variations]"
Change component parameters (AddParameter): Name = "Impedance (0V Bias) @ 50MHz"; Value = "0.0531O"; VariantName = "[No Variations]"
Change component parameters (AddParameter): Name = "Impedance (0V Bias) @ 100Hz"; Value = "243O"; VariantName = "[No Variations]"
Change component parameters (AddParameter): Name = "Impedance (0V Bias) @ 100kHz"; Value = "0.275O"; VariantName = "[No Variations]"
Change component parameters (AddParameter): Name = "Impedance (0V Bias) @ 100MHz"; Value = "0.09O"; VariantName = "[No Variations]"
Change component parameters (AddParameter): Name = "Impedance (0V Bias) @ 500Hz"; Value = "50O"; VariantName = "[No Variations]"
Change component parameters (AddParameter): Name = "Impedance (0V Bias) @ 500kHz"; Value = "0.0554O"; VariantName = "[No Variations]"
Change component parameters (AddParameter): Name = "Impedance (0V Bias) @ 500MHz"; Value = "0.323O"; VariantName = "[No Variations]"
Change component parameters (AddParameter): Name = "JLCPCB Basic Part"; Value = "Yes"; VariantName = "[No Variations]"
Change component parameters (AddParameter): Name = "JLCPCB Part Number"; Value = "C15525"; VariantName = "[No Variations]"
Change component parameters (AddParameter): Name = "Manufacturer"; Value = "Samsung Electro-Mechanics"; VariantName = "[No Variations]"
Change component parameters (AddParameter): Name = "Manufacturer Part Number"; Value = "CL05A106MQ5NUNC"; VariantName = "[No Variations]"
Change component parameters (AddParameter): Name = "Package Size"; Value = "0402"; VariantName = "[No Variations]"
Change component parameters (AddParameter): Name = "RoHS"; Value = "Yes"; VariantName = "[No Variations]"
Change component parameters (AddParameter): Name = "Supplier 1"; Value = "LCSC"; VariantName = "[No Variations]"
Change component parameters (AddParameter): Name = "Supplier Part Number 1"; Value = "C15525"; VariantName = "[No Variations]"
Change component parameters (AddParameter): Name = "Temperature Coefficient"; Value = "X5R"; VariantName = "[No Variations]"
Change component parameters (AddParameter): Name = "Temperature Rating"; Value = "-55°C ~ 85°C"; VariantName = "[No Variations]"
Change component parameters (AddParameter): Name = "Tolerance"; Value = "±20%"; VariantName = "[No Variations]"
Change component parameters (AddParameter): Name = "Voltage Rating"; Value = "6.3V"; VariantName = "[No Variations]"
Change component parameters: Designator = "C21" ("C21"); Footprint = "FP-CL10-IPC_C"; UniqueID = "\EZSMIZMW\SULGYBPV\TBHLINRN" ("\EZSMIZMW\SULGYBPV\TBHLINRN")
Change component parameters (AddParameter): Name = "Capacitance"; Value = "10uF"; VariantName = "[No Variations]"
Change component parameters (AddParameter): Name = "Capacitance @ 1.2V DC Bias"; Value = "7.392uF"; VariantName = "[No Variations]"
Change component parameters (AddParameter): Name = "Capacitance @ 1.5V DC Bias"; Value = "6.639uF"; VariantName = "[No Variations]"
Change component parameters (AddParameter): Name = "Capacitance @ 1.8V DC Bias"; Value = "5.875uF"; VariantName = "[No Variations]"
Change component parameters (AddParameter): Name = "Capacitance @ 1.35V DC Bias"; Value = "7.025uF"; VariantName = "[No Variations]"
Change component parameters (AddParameter): Name = "Capacitance @ 1V DC Bias"; Value = "7.816uF"; VariantName = "[No Variations]"
Change component parameters (AddParameter): Name = "Capacitance @ 2.5V DC Bias"; Value = "4.552uF"; VariantName = "[No Variations]"
Change component parameters (AddParameter): Name = "Capacitance @ 3.3V DC Bias"; Value = "3.499uF"; VariantName = "[No Variations]"
Change component parameters (AddParameter): Name = "Capacitance @ 3.7V DC Bias"; Value = "3.122uF"; VariantName = "[No Variations]"
Change component parameters (AddParameter): Name = "Capacitance @ 4.2V DC Bias"; Value = "2.720uF"; VariantName = "[No Variations]"
Change component parameters (AddParameter): Name = "Capacitance @ 5V DC Bias"; Value = "2.236uF"; VariantName = "[No Variations]"
Change component parameters (AddParameter): Name = "Category"; Value = "Capacitors - MLCC"; VariantName = "[No Variations]"
Change component parameters (AddParameter): Name = "ComponentLink1Description"; Value = "Datasheet"; VariantName = "[No Variations]"
Change component parameters (AddParameter): Name = "ComponentLink1URL"; Value = "https://wmsc.lcsc.com/wmsc/upload/file/pdf/v2/lcsc/2208231630_Samsung-Electro-Mechanics-CL05A106MQ5NUNC_C15525.pdf"; VariantName = "[No Variations]"
Change component parameters (AddParameter): Name = "ComponentLink2Description"; Value = "JLCPCB Part URL"; VariantName = "[No Variations]"
Change component parameters (AddParameter): Name = "ComponentLink2URL"; Value = "https://jlcpcb.com/partdetail/C15525"; VariantName = "[No Variations]"
Change component parameters (AddParameter): Name = "ComponentLink3Description"; Value = "LCSC Part URL"; VariantName = "[No Variations]"
Change component parameters (AddParameter): Name = "ComponentLink3URL"; Value = "https://lcsc.com/product-detail/Multilayer-Ceramic-Capacitors-MLCC---SMD-SMT_Samsung-Electro-Mechanics-Samsung-Electro-Mechanics-CL05A106MQ5NUNC_C15525.html"; VariantName = "[No Variations]"
Change component parameters (AddParameter): Name = "ComponentLink4Description"; Value = "Samsung Component Library"; VariantName = "[No Variations]"
Change component parameters (AddParameter): Name = "ComponentLink4URL"; Value = "https://weblib.samsungsem.com/mlcc/mlcc-ec.do?partNumber=CL05A106MQ5NUN"; VariantName = "[No Variations]"
Change component parameters (AddParameter): Name = "Impedance (0V Bias) @ 1GHz"; Value = "0.567O"; VariantName = "[No Variations]"
Change component parameters (AddParameter): Name = "Impedance (0V Bias) @ 1kHz"; Value = "25.3O"; VariantName = "[No Variations]"
Change component parameters (AddParameter): Name = "Impedance (0V Bias) @ 1MHz"; Value = "0.026O"; VariantName = "[No Variations]"
Change component parameters (AddParameter): Name = "Impedance (0V Bias) @ 2GHz"; Value = "1.33O"; VariantName = "[No Variations]"
Change component parameters (AddParameter): Name = "Impedance (0V Bias) @ 5GHz"; Value = "2.66O"; VariantName = "[No Variations]"
Change component parameters (AddParameter): Name = "Impedance (0V Bias) @ 5kHz"; Value = "5.23O"; VariantName = "[No Variations]"
Change component parameters (AddParameter): Name = "Impedance (0V Bias) @ 5MHz"; Value = "0.012O"; VariantName = "[No Variations]"
Change component parameters (AddParameter): Name = "Impedance (0V Bias) @ 10kHz"; Value = "2.64O"; VariantName = "[No Variations]"
Change component parameters (AddParameter): Name = "Impedance (0V Bias) @ 10MHz"; Value = "0.0181O"; VariantName = "[No Variations]"
Change component parameters (AddParameter): Name = "Impedance (0V Bias) @ 50kHz"; Value = "0.544O"; VariantName = "[No Variations]"
Change component parameters (AddParameter): Name = "Impedance (0V Bias) @ 50MHz"; Value = "0.0531O"; VariantName = "[No Variations]"
Change component parameters (AddParameter): Name = "Impedance (0V Bias) @ 100Hz"; Value = "243O"; VariantName = "[No Variations]"
Change component parameters (AddParameter): Name = "Impedance (0V Bias) @ 100kHz"; Value = "0.275O"; VariantName = "[No Variations]"
Change component parameters (AddParameter): Name = "Impedance (0V Bias) @ 100MHz"; Value = "0.09O"; VariantName = "[No Variations]"
Change component parameters (AddParameter): Name = "Impedance (0V Bias) @ 500Hz"; Value = "50O"; VariantName = "[No Variations]"
Change component parameters (AddParameter): Name = "Impedance (0V Bias) @ 500kHz"; Value = "0.0554O"; VariantName = "[No Variations]"
Change component parameters (AddParameter): Name = "Impedance (0V Bias) @ 500MHz"; Value = "0.323O"; VariantName = "[No Variations]"
Change component parameters (AddParameter): Name = "JLCPCB Basic Part"; Value = "Yes"; VariantName = "[No Variations]"
Change component parameters (AddParameter): Name = "JLCPCB Part Number"; Value = "C15525"; VariantName = "[No Variations]"
Change component parameters (AddParameter): Name = "Manufacturer"; Value = "Samsung Electro-Mechanics"; VariantName = "[No Variations]"
Change component parameters (AddParameter): Name = "Manufacturer Part Number"; Value = "CL05A106MQ5NUNC"; VariantName = "[No Variations]"
Change component parameters (AddParameter): Name = "Package Size"; Value = "0402"; VariantName = "[No Variations]"
Change component parameters (AddParameter): Name = "RoHS"; Value = "Yes"; VariantName = "[No Variations]"
Change component parameters (AddParameter): Name = "Supplier 1"; Value = "LCSC"; VariantName = "[No Variations]"
Change component parameters (AddParameter): Name = "Supplier Part Number 1"; Value = "C15525"; VariantName = "[No Variations]"
Change component parameters (AddParameter): Name = "Temperature Coefficient"; Value = "X5R"; VariantName = "[No Variations]"
Change component parameters (AddParameter): Name = "Temperature Rating"; Value = "-55°C ~ 85°C"; VariantName = "[No Variations]"
Change component parameters (AddParameter): Name = "Tolerance"; Value = "±20%"; VariantName = "[No Variations]"
Change component parameters (AddParameter): Name = "Voltage Rating"; Value = "6.3V"; VariantName = "[No Variations]"
Change component parameters: Designator = "C16" ("C16"); Footprint = "FP-CL21-IPC_B"; UniqueID = "\EZSMIZMW\SULGYBPV\YPYABLGQ" ("\EZSMIZMW\SULGYBPV\YPYABLGQ")
Change component parameters (AddParameter): Name = "Capacitance"; Value = "2.2uF"; VariantName = "[No Variations]"
Change component parameters (AddParameter): Name = "Capacitance @ 1.2V DC Bias"; Value = "1.921uF"; VariantName = "[No Variations]"
Change component parameters (AddParameter): Name = "Capacitance @ 1.5V DC Bias"; Value = "1.764uF"; VariantName = "[No Variations]"
Change component parameters (AddParameter): Name = "Capacitance @ 1.8V DC Bias"; Value = "1.611uF"; VariantName = "[No Variations]"
Change component parameters (AddParameter): Name = "Capacitance @ 1.35V DC Bias"; Value = "1.843uF"; VariantName = "[No Variations]"
Change component parameters (AddParameter): Name = "Capacitance @ 1V DC Bias"; Value = "2.019uF"; VariantName = "[No Variations]"
Change component parameters (AddParameter): Name = "Capacitance @ 2.5V DC Bias"; Value = "1.302uF"; VariantName = "[No Variations]"
Change component parameters (AddParameter): Name = "Capacitance @ 3.3V DC Bias"; Value = "1.004uF"; VariantName = "[No Variations]"
Change component parameters (AddParameter): Name = "Capacitance @ 3.7V DC Bias"; Value = "0.893uF"; VariantName = "[No Variations]"
Change component parameters (AddParameter): Name = "Capacitance @ 4.2V DC Bias"; Value = "0.780uF"; VariantName = "[No Variations]"
Change component parameters (AddParameter): Name = "Capacitance @ 5V DC Bias"; Value = "0.638uF"; VariantName = "[No Variations]"
Change component parameters (AddParameter): Name = "Category"; Value = "Capacitors - MLCC"; VariantName = "[No Variations]"
Change component parameters (AddParameter): Name = "ComponentLink1Description"; Value = "Datasheet"; VariantName = "[No Variations]"
Change component parameters (AddParameter): Name = "ComponentLink1URL"; Value = "https://wmsc.lcsc.com/wmsc/upload/file/pdf/v2/lcsc/2304140030_Samsung-Electro-Mechanics-CL05A225MQ5NSNC_C12530.pdf"; VariantName = "[No Variations]"
Change component parameters (AddParameter): Name = "ComponentLink2Description"; Value = "JLCPCB Part URL"; VariantName = "[No Variations]"
Change component parameters (AddParameter): Name = "ComponentLink2URL"; Value = "https://jlcpcb.com/partdetail/C12530"; VariantName = "[No Variations]"
Change component parameters (AddParameter): Name = "ComponentLink3Description"; Value = "LCSC Part URL"; VariantName = "[No Variations]"
Change component parameters (AddParameter): Name = "ComponentLink3URL"; Value = "https://lcsc.com/product-detail/Multilayer-Ceramic-Capacitors-MLCC---SMD-SMT_Samsung-Electro-Mechanics-Samsung-Electro-Mechanics-CL05A225MQ5NSNC_C12530.html"; VariantName = "[No Variations]"
Change component parameters (AddParameter): Name = "ComponentLink4Description"; Value = "Samsung Component Library"; VariantName = "[No Variations]"
Change component parameters (AddParameter): Name = "ComponentLink4URL"; Value = "https://weblib.samsungsem.com/mlcc/mlcc-ec.do?partNumber=CL05A225MQ5NSN"; VariantName = "[No Variations]"
Change component parameters (AddParameter): Name = "Impedance (0V Bias) @ 1GHz"; Value = "0.858O"; VariantName = "[No Variations]"
Change component parameters (AddParameter): Name = "Impedance (0V Bias) @ 1kHz"; Value = "97.4O"; VariantName = "[No Variations]"
Change component parameters (AddParameter): Name = "Impedance (0V Bias) @ 1MHz"; Value = "0.107O"; VariantName = "[No Variations]"
Change component parameters (AddParameter): Name = "Impedance (0V Bias) @ 2GHz"; Value = "1.87O"; VariantName = "[No Variations]"
Change component parameters (AddParameter): Name = "Impedance (0V Bias) @ 5GHz"; Value = "3.69O"; VariantName = "[No Variations]"
Change component parameters (AddParameter): Name = "Impedance (0V Bias) @ 5kHz"; Value = "20O"; VariantName = "[No Variations]"
Change component parameters (AddParameter): Name = "Impedance (0V Bias) @ 5MHz"; Value = "0.0123O"; VariantName = "[No Variations]"
Change component parameters (AddParameter): Name = "Impedance (0V Bias) @ 10kHz"; Value = "10.1O"; VariantName = "[No Variations]"
Change component parameters (AddParameter): Name = "Impedance (0V Bias) @ 10MHz"; Value = "0.0171O"; VariantName = "[No Variations]"
Change component parameters (AddParameter): Name = "Impedance (0V Bias) @ 50kHz"; Value = "2.08O"; VariantName = "[No Variations]"
Change component parameters (AddParameter): Name = "Impedance (0V Bias) @ 50MHz"; Value = "0.0697O"; VariantName = "[No Variations]"
Change component parameters (AddParameter): Name = "Impedance (0V Bias) @ 100Hz"; Value = "935O"; VariantName = "[No Variations]"
Change component parameters (AddParameter): Name = "Impedance (0V Bias) @ 100kHz"; Value = "1.05O"; VariantName = "[No Variations]"
Change component parameters (AddParameter): Name = "Impedance (0V Bias) @ 100MHz"; Value = "0.123O"; VariantName = "[No Variations]"
Change component parameters (AddParameter): Name = "Impedance (0V Bias) @ 500Hz"; Value = "192O"; VariantName = "[No Variations]"
Change component parameters (AddParameter): Name = "Impedance (0V Bias) @ 500kHz"; Value = "0.214O"; VariantName = "[No Variations]"
Change component parameters (AddParameter): Name = "Impedance (0V Bias) @ 500MHz"; Value = "0.484O"; VariantName = "[No Variations]"
Change component parameters (AddParameter): Name = "JLCPCB Basic Part"; Value = "Yes"; VariantName = "[No Variations]"
Change component parameters (AddParameter): Name = "JLCPCB Part Number"; Value = "C12530"; VariantName = "[No Variations]"
Change component parameters (AddParameter): Name = "Manufacturer"; Value = "Samsung Electro-Mechanics"; VariantName = "[No Variations]"
Change component parameters (AddParameter): Name = "Manufacturer Part Number"; Value = "CL05A225MQ5NSNC"; VariantName = "[No Variations]"
Change component parameters (AddParameter): Name = "Package Size"; Value = "0402"; VariantName = "[No Variations]"
Change component parameters (AddParameter): Name = "RoHS"; Value = "Yes"; VariantName = "[No Variations]"
Change component parameters (AddParameter): Name = "Supplier 1"; Value = "LCSC"; VariantName = "[No Variations]"
Change component parameters (AddParameter): Name = "Supplier Part Number 1"; Value = "C12530"; VariantName = "[No Variations]"
Change component parameters (AddParameter): Name = "Temperature Coefficient"; Value = "X5R"; VariantName = "[No Variations]"
Change component parameters (AddParameter): Name = "Temperature Rating"; Value = "-55°C ~ 85°C"; VariantName = "[No Variations]"
Change component parameters (AddParameter): Name = "Tolerance"; Value = "±20%"; VariantName = "[No Variations]"
Change component parameters (AddParameter): Name = "Voltage Rating"; Value = "6.3V"; VariantName = "[No Variations]"
Change component parameters: Designator = "C17" ("C17"); Footprint = "FP-CL21-IPC_B"; UniqueID = "\EZSMIZMW\SULGYBPV\NTKONECT" ("\EZSMIZMW\SULGYBPV\NTKONECT")
Change component parameters (AddParameter): Name = "Capacitance"; Value = "2.2uF"; VariantName = "[No Variations]"
Change component parameters (AddParameter): Name = "Capacitance @ 1.2V DC Bias"; Value = "1.921uF"; VariantName = "[No Variations]"
Change component parameters (AddParameter): Name = "Capacitance @ 1.5V DC Bias"; Value = "1.764uF"; VariantName = "[No Variations]"
Change component parameters (AddParameter): Name = "Capacitance @ 1.8V DC Bias"; Value = "1.611uF"; VariantName = "[No Variations]"
Change component parameters (AddParameter): Name = "Capacitance @ 1.35V DC Bias"; Value = "1.843uF"; VariantName = "[No Variations]"
Change component parameters (AddParameter): Name = "Capacitance @ 1V DC Bias"; Value = "2.019uF"; VariantName = "[No Variations]"
Change component parameters (AddParameter): Name = "Capacitance @ 2.5V DC Bias"; Value = "1.302uF"; VariantName = "[No Variations]"
Change component parameters (AddParameter): Name = "Capacitance @ 3.3V DC Bias"; Value = "1.004uF"; VariantName = "[No Variations]"
Change component parameters (AddParameter): Name = "Capacitance @ 3.7V DC Bias"; Value = "0.893uF"; VariantName = "[No Variations]"
Change component parameters (AddParameter): Name = "Capacitance @ 4.2V DC Bias"; Value = "0.780uF"; VariantName = "[No Variations]"
Change component parameters (AddParameter): Name = "Capacitance @ 5V DC Bias"; Value = "0.638uF"; VariantName = "[No Variations]"
Change component parameters (AddParameter): Name = "Category"; Value = "Capacitors - MLCC"; VariantName = "[No Variations]"
Change component parameters (AddParameter): Name = "ComponentLink1Description"; Value = "Datasheet"; VariantName = "[No Variations]"
Change component parameters (AddParameter): Name = "ComponentLink1URL"; Value = "https://wmsc.lcsc.com/wmsc/upload/file/pdf/v2/lcsc/2304140030_Samsung-Electro-Mechanics-CL05A225MQ5NSNC_C12530.pdf"; VariantName = "[No Variations]"
Change component parameters (AddParameter): Name = "ComponentLink2Description"; Value = "JLCPCB Part URL"; VariantName = "[No Variations]"
Change component parameters (AddParameter): Name = "ComponentLink2URL"; Value = "https://jlcpcb.com/partdetail/C12530"; VariantName = "[No Variations]"
Change component parameters (AddParameter): Name = "ComponentLink3Description"; Value = "LCSC Part URL"; VariantName = "[No Variations]"
Change component parameters (AddParameter): Name = "ComponentLink3URL"; Value = "https://lcsc.com/product-detail/Multilayer-Ceramic-Capacitors-MLCC---SMD-SMT_Samsung-Electro-Mechanics-Samsung-Electro-Mechanics-CL05A225MQ5NSNC_C12530.html"; VariantName = "[No Variations]"
Change component parameters (AddParameter): Name = "ComponentLink4Description"; Value = "Samsung Component Library"; VariantName = "[No Variations]"
Change component parameters (AddParameter): Name = "ComponentLink4URL"; Value = "https://weblib.samsungsem.com/mlcc/mlcc-ec.do?partNumber=CL05A225MQ5NSN"; VariantName = "[No Variations]"
Change component parameters (AddParameter): Name = "Impedance (0V Bias) @ 1GHz"; Value = "0.858O"; VariantName = "[No Variations]"
Change component parameters (AddParameter): Name = "Impedance (0V Bias) @ 1kHz"; Value = "97.4O"; VariantName = "[No Variations]"
Change component parameters (AddParameter): Name = "Impedance (0V Bias) @ 1MHz"; Value = "0.107O"; VariantName = "[No Variations]"
Change component parameters (AddParameter): Name = "Impedance (0V Bias) @ 2GHz"; Value = "1.87O"; VariantName = "[No Variations]"
Change component parameters (AddParameter): Name = "Impedance (0V Bias) @ 5GHz"; Value = "3.69O"; VariantName = "[No Variations]"
Change component parameters (AddParameter): Name = "Impedance (0V Bias) @ 5kHz"; Value = "20O"; VariantName = "[No Variations]"
Change component parameters (AddParameter): Name = "Impedance (0V Bias) @ 5MHz"; Value = "0.0123O"; VariantName = "[No Variations]"
Change component parameters (AddParameter): Name = "Impedance (0V Bias) @ 10kHz"; Value = "10.1O"; VariantName = "[No Variations]"
Change component parameters (AddParameter): Name = "Impedance (0V Bias) @ 10MHz"; Value = "0.0171O"; VariantName = "[No Variations]"
Change component parameters (AddParameter): Name = "Impedance (0V Bias) @ 50kHz"; Value = "2.08O"; VariantName = "[No Variations]"
Change component parameters (AddParameter): Name = "Impedance (0V Bias) @ 50MHz"; Value = "0.0697O"; VariantName = "[No Variations]"
Change component parameters (AddParameter): Name = "Impedance (0V Bias) @ 100Hz"; Value = "935O"; VariantName = "[No Variations]"
Change component parameters (AddParameter): Name = "Impedance (0V Bias) @ 100kHz"; Value = "1.05O"; VariantName = "[No Variations]"
Change component parameters (AddParameter): Name = "Impedance (0V Bias) @ 100MHz"; Value = "0.123O"; VariantName = "[No Variations]"
Change component parameters (AddParameter): Name = "Impedance (0V Bias) @ 500Hz"; Value = "192O"; VariantName = "[No Variations]"
Change component parameters (AddParameter): Name = "Impedance (0V Bias) @ 500kHz"; Value = "0.214O"; VariantName = "[No Variations]"
Change component parameters (AddParameter): Name = "Impedance (0V Bias) @ 500MHz"; Value = "0.484O"; VariantName = "[No Variations]"
Change component parameters (AddParameter): Name = "JLCPCB Basic Part"; Value = "Yes"; VariantName = "[No Variations]"
Change component parameters (AddParameter): Name = "JLCPCB Part Number"; Value = "C12530"; VariantName = "[No Variations]"
Change component parameters (AddParameter): Name = "Manufacturer"; Value = "Samsung Electro-Mechanics"; VariantName = "[No Variations]"
Change component parameters (AddParameter): Name = "Manufacturer Part Number"; Value = "CL05A225MQ5NSNC"; VariantName = "[No Variations]"
Change component parameters (AddParameter): Name = "Package Size"; Value = "0402"; VariantName = "[No Variations]"
Change component parameters (AddParameter): Name = "RoHS"; Value = "Yes"; VariantName = "[No Variations]"
Change component parameters (AddParameter): Name = "Supplier 1"; Value = "LCSC"; VariantName = "[No Variations]"
Change component parameters (AddParameter): Name = "Supplier Part Number 1"; Value = "C12530"; VariantName = "[No Variations]"
Change component parameters (AddParameter): Name = "Temperature Coefficient"; Value = "X5R"; VariantName = "[No Variations]"
Change component parameters (AddParameter): Name = "Temperature Rating"; Value = "-55°C ~ 85°C"; VariantName = "[No Variations]"
Change component parameters (AddParameter): Name = "Tolerance"; Value = "±20%"; VariantName = "[No Variations]"
Change component parameters (AddParameter): Name = "Voltage Rating"; Value = "6.3V"; VariantName = "[No Variations]"
Change component parameters: Designator = "C18" ("C18"); Footprint = "CAPC1005X55N"; UniqueID = "\EZSMIZMW\SULGYBPV\HGEONAMT" ("\EZSMIZMW\SULGYBPV\HGEONAMT")
Change component parameters (AddParameter): Name = "Capacitance"; Value = "100nF"; VariantName = "[No Variations]"
Change component parameters (AddParameter): Name = "Capacitance @ 1.2V DC Bias"; Value = "104.598nF"; VariantName = "[No Variations]"
Change component parameters (AddParameter): Name = "Capacitance @ 1.5V DC Bias"; Value = "104.372nF"; VariantName = "[No Variations]"
Change component parameters (AddParameter): Name = "Capacitance @ 1.8V DC Bias"; Value = "104.042nF"; VariantName = "[No Variations]"
Change component parameters (AddParameter): Name = "Capacitance @ 1.35V DC Bias"; Value = "104.495nF"; VariantName = "[No Variations]"
Change component parameters (AddParameter): Name = "Capacitance @ 1V DC Bias"; Value = "104.721nF"; VariantName = "[No Variations]"
Change component parameters (AddParameter): Name = "Capacitance @ 2.5V DC Bias"; Value = "102.634nF"; VariantName = "[No Variations]"
Change component parameters (AddParameter): Name = "Capacitance @ 3.3V DC Bias"; Value = "100.452nF"; VariantName = "[No Variations]"
Change component parameters (AddParameter): Name = "Capacitance @ 3.7V DC Bias"; Value = "99.160nF"; VariantName = "[No Variations]"
Change component parameters (AddParameter): Name = "Capacitance @ 4.2V DC Bias"; Value = "97.441nF"; VariantName = "[No Variations]"
Change component parameters (AddParameter): Name = "Capacitance @ 5V DC Bias"; Value = "94.577nF"; VariantName = "[No Variations]"
Change component parameters (AddParameter): Name = "Capacitance @ 9V DC Bias"; Value = "78.638nF"; VariantName = "[No Variations]"
Change component parameters (AddParameter): Name = "Capacitance @ 12V DC Bias"; Value = "66.291nF"; VariantName = "[No Variations]"
Change component parameters (AddParameter): Name = "Capacitance @ 15V DC Bias"; Value = "54.779nF"; VariantName = "[No Variations]"
Change component parameters (AddParameter): Name = "Category"; Value = "Capacitors - MLCC"; VariantName = "[No Variations]"
Change component parameters (AddParameter): Name = "ComponentLink1Description"; Value = "Datasheet"; VariantName = "[No Variations]"
Change component parameters (AddParameter): Name = "ComponentLink1URL"; Value = "https://wmsc.lcsc.com/wmsc/upload/file/pdf/v2/lcsc/2304140030_Samsung-Electro-Mechanics-CL05B104KO5NNNC_C1525.pdf"; VariantName = "[No Variations]"
Change component parameters (AddParameter): Name = "ComponentLink2Description"; Value = "JLCPCB Part URL"; VariantName = "[No Variations]"
Change component parameters (AddParameter): Name = "ComponentLink2URL"; Value = "https://jlcpcb.com/partdetail/C1525"; VariantName = "[No Variations]"
Change component parameters (AddParameter): Name = "ComponentLink3Description"; Value = "LCSC Part URL"; VariantName = "[No Variations]"
Change component parameters (AddParameter): Name = "ComponentLink3URL"; Value = "https://lcsc.com/product-detail/Multilayer-Ceramic-Capacitors-MLCC---SMD-SMT_Samsung-Electro-Mechanics-Samsung-Electro-Mechanics-CL05B104KO5NNNC_C1525.html"; VariantName = "[No Variations]"
Change component parameters (AddParameter): Name = "ComponentLink4Description"; Value = "Samsung Component Library"; VariantName = "[No Variations]"
Change component parameters (AddParameter): Name = "ComponentLink4URL"; Value = "https://weblib.samsungsem.com/mlcc/mlcc-ec.do?partNumber=CL05B104KO5NNN"; VariantName = "[No Variations]"
Change component parameters (AddParameter): Name = "Impedance (0V Bias) @ 1GHz"; Value = "0.97O"; VariantName = "[No Variations]"
Change component parameters (AddParameter): Name = "Impedance (0V Bias) @ 1kHz"; Value = "1.75E+03O"; VariantName = "[No Variations]"
Change component parameters (AddParameter): Name = "Impedance (0V Bias) @ 1MHz"; Value = "1.87O"; VariantName = "[No Variations]"
Change component parameters (AddParameter): Name = "Impedance (0V Bias) @ 2GHz"; Value = "2.26O"; VariantName = "[No Variations]"
Change component parameters (AddParameter): Name = "Impedance (0V Bias) @ 5GHz"; Value = "4.75O"; VariantName = "[No Variations]"
Change component parameters (AddParameter): Name = "Impedance (0V Bias) @ 5kHz"; Value = "356O"; VariantName = "[No Variations]"
Change component parameters (AddParameter): Name = "Impedance (0V Bias) @ 5MHz"; Value = "0.373O"; VariantName = "[No Variations]"
Change component parameters (AddParameter): Name = "Impedance (0V Bias) @ 10kHz"; Value = "179O"; VariantName = "[No Variations]"
Change component parameters (AddParameter): Name = "Impedance (0V Bias) @ 10MHz"; Value = "0.175O"; VariantName = "[No Variations]"
Change component parameters (AddParameter): Name = "Impedance (0V Bias) @ 50kHz"; Value = "36.4O"; VariantName = "[No Variations]"
Change component parameters (AddParameter): Name = "Impedance (0V Bias) @ 50MHz"; Value = "0.064O"; VariantName = "[No Variations]"
Change component parameters (AddParameter): Name = "Impedance (0V Bias) @ 100Hz"; Value = "1.71E+04O"; VariantName = "[No Variations]"
Change component parameters (AddParameter): Name = "Impedance (0V Bias) @ 100kHz"; Value = "18.3O"; VariantName = "[No Variations]"
Change component parameters (AddParameter): Name = "Impedance (0V Bias) @ 100MHz"; Value = "0.122O"; VariantName = "[No Variations]"
Change component parameters (AddParameter): Name = "Impedance (0V Bias) @ 500Hz"; Value = "3.48E+03O"; VariantName = "[No Variations]"
Change component parameters (AddParameter): Name = "Impedance (0V Bias) @ 500kHz"; Value = "3.72O"; VariantName = "[No Variations]"
Change component parameters (AddParameter): Name = "Impedance (0V Bias) @ 500MHz"; Value = "0.525O"; VariantName = "[No Variations]"
Change component parameters (AddParameter): Name = "Impedance (16V Bias) @ 1GHz"; Value = "0.969O"; VariantName = "[No Variations]"
Change component parameters (AddParameter): Name = "Impedance (16V Bias) @ 1kHz"; Value = "2.61E+03O"; VariantName = "[No Variations]"
Change component parameters (AddParameter): Name = "Impedance (16V Bias) @ 1MHz"; Value = "2.76O"; VariantName = "[No Variations]"
Change component parameters (AddParameter): Name = "Impedance (16V Bias) @ 2GHz"; Value = "2.25O"; VariantName = "[No Variations]"
Change component parameters (AddParameter): Name = "Impedance (16V Bias) @ 5GHz"; Value = "4.7O"; VariantName = "[No Variations]"
Change component parameters (AddParameter): Name = "Impedance (16V Bias) @ 5kHz"; Value = "529O"; VariantName = "[No Variations]"
Change component parameters (AddParameter): Name = "Impedance (16V Bias) @ 5MHz"; Value = "0.587O"; VariantName = "[No Variations]"
Change component parameters (AddParameter): Name = "Impedance (16V Bias) @ 10kHz"; Value = "266O"; VariantName = "[No Variations]"
Change component parameters (AddParameter): Name = "Impedance (16V Bias) @ 10MHz"; Value = "0.277O"; VariantName = "[No Variations]"
Change component parameters (AddParameter): Name = "Impedance (16V Bias) @ 50kHz"; Value = "54O"; VariantName = "[No Variations]"
Change component parameters (AddParameter): Name = "Impedance (16V Bias) @ 50MHz"; Value = "0.0412O"; VariantName = "[No Variations]"
Change component parameters (AddParameter): Name = "Impedance (16V Bias) @ 100Hz"; Value = "2.55E+04O"; VariantName = "[No Variations]"
Change component parameters (AddParameter): Name = "Impedance (16V Bias) @ 100kHz"; Value = "27.2O"; VariantName = "[No Variations]"
Change component parameters (AddParameter): Name = "Impedance (16V Bias) @ 100MHz"; Value = "0.133O"; VariantName = "[No Variations]"
Change component parameters (AddParameter): Name = "Impedance (16V Bias) @ 500Hz"; Value = "5.18E+03O"; VariantName = "[No Variations]"
Change component parameters (AddParameter): Name = "Impedance (16V Bias) @ 500kHz"; Value = "5.5O"; VariantName = "[No Variations]"
Change component parameters (AddParameter): Name = "Impedance (16V Bias) @ 500MHz"; Value = "0.524O"; VariantName = "[No Variations]"
Change component parameters (AddParameter): Name = "JLCPCB Basic Part"; Value = "Yes"; VariantName = "[No Variations]"
Change component parameters (AddParameter): Name = "JLCPCB Part Number"; Value = "C1525"; VariantName = "[No Variations]"
Change component parameters (AddParameter): Name = "Manufacturer"; Value = "Samsung Electro-Mechanics"; VariantName = "[No Variations]"
Change component parameters (AddParameter): Name = "Manufacturer Part Number"; Value = "CL05B104KO5NNNC"; VariantName = "[No Variations]"
Change component parameters (AddParameter): Name = "Package Size"; Value = "0402"; VariantName = "[No Variations]"
Change component parameters (AddParameter): Name = "RoHS"; Value = "Yes"; VariantName = "[No Variations]"
Change component parameters (AddParameter): Name = "Supplier 1"; Value = "LCSC"; VariantName = "[No Variations]"
Change component parameters (AddParameter): Name = "Supplier Part Number 1"; Value = "C1525"; VariantName = "[No Variations]"
Change component parameters (AddParameter): Name = "Temperature Coefficient"; Value = "X7R"; VariantName = "[No Variations]"
Change component parameters (AddParameter): Name = "Temperature Rating"; Value = "-55°C ~ 125°C"; VariantName = "[No Variations]"
Change component parameters (AddParameter): Name = "Tolerance"; Value = "±10%"; VariantName = "[No Variations]"
Change component parameters (AddParameter): Name = "Voltage Rating"; Value = "16V"; VariantName = "[No Variations]"
Added Component: Designator=C22(WCAP-CSGP_0603_L1.6W0.8H0.8_Reflow)
Add component (AddParameter): Name = "Capacitance"; Value = "680nF"; VariantName = "[No Variations]"
Add component (AddParameter): Name = "Case Code (Imperial)"; Value = "0603"; VariantName = "[No Variations]"
Add component (AddParameter): Name = "Case Code (Metric)"; Value = "1608"; VariantName = "[No Variations]"
Add component (AddParameter): Name = "Case/Package"; Value = "0603"; VariantName = "[No Variations]"
Add component (AddParameter): Name = "Dielectric"; Value = "X5R"; VariantName = "[No Variations]"
Add component (AddParameter): Name = "Height"; Value = "800µm"; VariantName = "[No Variations]"
Add component (AddParameter): Name = "Insulation Resistance"; Value = "200MO"; VariantName = "[No Variations]"
Add component (AddParameter): Name = "Length"; Value = "1.6mm"; VariantName = "[No Variations]"
Add component (AddParameter): Name = "Max Operating Temperature"; Value = "85°C"; VariantName = "[No Variations]"
Add component (AddParameter): Name = "Min Operating Temperature"; Value = "-55°C"; VariantName = "[No Variations]"
Add component (AddParameter): Name = "Mount"; Value = "Surface Mount"; VariantName = "[No Variations]"
Add component (AddParameter): Name = "Packaging"; Value = "Tape & Reel (TR)"; VariantName = "[No Variations]"
Add component (AddParameter): Name = "RoHS"; Value = "Compliant"; VariantName = "[No Variations]"
Add component (AddParameter): Name = "Thickness"; Value = "939.8µm"; VariantName = "[No Variations]"
Add component (AddParameter): Name = "Tolerance"; Value = "20%"; VariantName = "[No Variations]"
Add component (AddParameter): Name = "Voltage Rating"; Value = "10V"; VariantName = "[No Variations]"
Add component (AddParameter): Name = "Voltage Rating (DC)"; Value = "10V"; VariantName = "[No Variations]"
Add component (AddParameter): Name = "Width"; Value = "800µm"; VariantName = "[No Variations]"
Added Component: Designator=C23(FP-0402B104K500CT-IPC_C)
Add component (AddParameter): Name = "Capacitance"; Value = "100nF"; VariantName = "[No Variations]"
Add component (AddParameter): Name = "Case Code (Imperial)"; Value = "0402"; VariantName = "[No Variations]"
Add component (AddParameter): Name = "Case Code (Metric)"; Value = "1005"; VariantName = "[No Variations]"
Add component (AddParameter): Name = "Case/Package"; Value = "0402"; VariantName = "[No Variations]"
Add component (AddParameter): Name = "Max Operating Temperature"; Value = "125°C"; VariantName = "[No Variations]"
Add component (AddParameter): Name = "Min Operating Temperature"; Value = "-55°C"; VariantName = "[No Variations]"
Add component (AddParameter): Name = "Mount"; Value = "Surface Mount"; VariantName = "[No Variations]"
Add component (AddParameter): Name = "Packaging"; Value = "Cut Tape"; VariantName = "[No Variations]"
Add component (AddParameter): Name = "RoHS Compliant"; Value = "Yes"; VariantName = "[No Variations]"
Add component (AddParameter): Name = "Series"; Value = "-"; VariantName = "[No Variations]"
Add component (AddParameter): Name = "Tolerance"; Value = "10%"; VariantName = "[No Variations]"
Add component (AddParameter): Name = "Voltage Rating"; Value = "50V"; VariantName = "[No Variations]"
Added Component: Designator=D1 - LED_blownA(FP-AP2012EC-MFG)
Added Component: Designator=D1 - LED_blownB(FP-AP2012EC-MFG)
Add component: Footprint Not Found 3582
Add component: Footprint Not Found 3582
Add component: Footprint Not Found TF01A
Added Component: Designator=L1(WE-XHMI_4040)
Add component (AddParameter): Name = "Parameter 1"; Value = "5.6uH"; VariantName = "[No Variations]"
Added Component: Designator=R21(FP-CRCW0603-e3-MFG)
Add component (AddParameter): Name = "Case/Package"; Value = "0603"; VariantName = "[No Variations]"
Add component (AddParameter): Name = "Composition"; Value = "Thick Film"; VariantName = "[No Variations]"
Add component (AddParameter): Name = "Features"; Value = "Automotive AEC-Q200"; VariantName = "[No Variations]"
Add component (AddParameter): Name = "Height"; Value = "0.02inch"; VariantName = "[No Variations]"
Add component (AddParameter): Name = "Lead Free"; Value = "Lead Free"; VariantName = "[No Variations]"
Add component (AddParameter): Name = "Length"; Value = "0.061inch"; VariantName = "[No Variations]"
Add component (AddParameter): Name = "Max Operating Temperature"; Value = "155°C"; VariantName = "[No Variations]"
Add component (AddParameter): Name = "Max Power Dissipation"; Value = "100mW"; VariantName = "[No Variations]"
Add component (AddParameter): Name = "Min Operating Temperature"; Value = "-55°C"; VariantName = "[No Variations]"
Add component (AddParameter): Name = "Number of Terminations"; Value = "2"; VariantName = "[No Variations]"
Add component (AddParameter): Name = "Package Quantity"; Value = "5000"; VariantName = "[No Variations]"
Add component (AddParameter): Name = "Packaging"; Value = "Tape and Reel"; VariantName = "[No Variations]"
Add component (AddParameter): Name = "Resistance"; Value = "100kR"; VariantName = "[No Variations]"
Add component (AddParameter): Name = "Temperature Coefficient"; Value = "100ppm/°C"; VariantName = "[No Variations]"
Add component (AddParameter): Name = "Tolerance"; Value = "1%"; VariantName = "[No Variations]"
Add component (AddParameter): Name = "Width"; Value = "0.033inch"; VariantName = "[No Variations]"
Added Component: Designator=R22(RESC2010(5025)_N)
Add component (AddParameter): Name = "Case-EIA"; Value = "2010"; VariantName = "[No Variations]"
Add component (AddParameter): Name = "Case-Metric"; Value = "5025"; VariantName = "[No Variations]"
Add component (AddParameter): Name = "Power"; Value = "0.75 W"; VariantName = "[No Variations]"
Add component (AddParameter): Name = "Technology"; Value = "SMT"; VariantName = "[No Variations]"
Add component (AddParameter): Name = "Tolerance"; Value = "1 %"; VariantName = "[No Variations]"
Add component (AddParameter): Name = "Value"; Value = "13700.00 Ohm"; VariantName = "[No Variations]"
Added Component: Designator=U3(FP-DDC0006A-IPC_A)
Added Pin To Net: NetName=GND Pin=C22-1
Added Pin To Net: NetName=26V Pin=C22-2
Add Pin To Net: Unknown Pin: Pin C24-2
Add Pin To Net: Unknown Pin: Pin C25-1
Add Pin To Net: Unknown Pin: Pin C25-2
Add Pin To Net: Unknown Pin: Pin D1 - LED_blownA-2
Add Pin To Net: Unknown Pin: Pin D1 - LED_blownB-2
Add Pin To Net: Unknown Pin: Pin Fuse1A-1
Add Pin To Net: Unknown Pin: Pin Fuse1A-2
Add Pin To Net: Unknown Pin: Pin Fuse1B-1
Add Pin To Net: Unknown Pin: Pin Fuse1B-2
Add Pin To Net: Unknown Pin: Pin J3-2
Add Pin To Net: Unknown Pin: Pin J3-3
Add Pin To Net: Unknown Pin: Pin J3-4
Add Pin To Net: Unknown Pin: Pin J3-6
Add Pin To Net: Unknown Pin: Pin J3-CD1
Add Pin To Net: Unknown Pin: Pin J3-MP1
Add Pin To Net: Unknown Pin: Pin J3-MP2
Add Pin To Net: Unknown Pin: Pin J3-MP3
Add Pin To Net: Unknown Pin: Pin J3-MP4
Added Pin To Net: NetName=4.6V Pin=L1-2
Added Pin To Net: NetName=4.6V Pin=R21-2
Added Pin To Net: NetName=GND Pin=R22-1
Add Pin To Net: Unknown Pin: Pin U3-1
Add Pin To Net: Unknown Pin: Pin U3-3
Added Pin To Net: NetName=NetC23_1 Pin=C23-1
Added Net: Name=NetC23_1
Added Pin To Net: NetName=NetC23_2 Pin=C23-2
Added Pin To Net: NetName=NetC23_2 Pin=L1-1
Added Net: Name=NetC23_2
Added Pin To Net: NetName=NetC24_1 Pin=R21-1
Added Pin To Net: NetName=NetC24_1 Pin=R22-2
Added Net: Name=NetC24_1
Added Pin To Net: NetName=NetD1 - LED_blownA_1 Pin=Q1A-3
Added Pin To Net: NetName=NetD1 - LED_blownA_1 Pin=R_BLOWN1A-1
Added Net: Name=NetD1 - LED_blownA_1
Added Pin To Net: NetName=NetD1 - LED_blownB_1 Pin=Q1B-3
Added Pin To Net: NetName=NetD1 - LED_blownB_1 Pin=R_BLOWN1B-1
Added Net: Name=NetD1 - LED_blownB_1
Added Member To Class: ClassName=Buck + LDO Member=Component C22 885012106009
Added Member To Class: ClassName=Buck + LDO Member=Component C23 0402B104K500CT
Add Class Member: Failed to add class member : Component C24 Capacitor
Add Class Member: Failed to add class member : Component C25 Capacitor
Add Class Member: Failed to add class member : Component D1 - LED_blownA (D1 - LED_blown) AP2012EC
Add Class Member: Failed to add class member : Component D1 - LED_blownB (D1 - LED_blown) AP2012EC
Add Class Member: Failed to add class member : Component Fuse1A (Fuse1) 3582
Add Class Member: Failed to add class member : Component Fuse1B (Fuse1) 3582
Add Class Member: Failed to add class member : Component J3 TF-01A
Added Member To Class: ClassName=Buck + LDO Member=Component L1 74439325056
Added Member To Class: ClassName=Buck + LDO Member=Component R21 CRCW0603100KFKEI
Added Member To Class: ClassName=Buck + LDO Member=Component R22 13K7 1% 2010(5025)
Add Class Member: Failed to add class member : Component U3 TPS54202DDCR
Added Rule: Name=Schematic Supply Nets
Added Rule: Name=Schematic Supply Nets_1
Added Rule: Name=Schematic Supply Nets_2
Added Rule: Name=Schematic Supply Nets_3
Added Rule: Name=Schematic Supply Nets_4
Added Rule: Name=Schematic Supply Nets_5
