Remove Pin=H_OLED1-1 From Net=SPI1_SCK
Remove Pin=H_OLED1-2 From Net=SPI1_MISO
Remove Pin=H_OLED1-3 From Net=SPI1_MOSI
Remove Pin=H_OLED1-4 From Net=SD_C\S\
Remove Pin=H_SD1-1 From Net=I2C1_SCL
Remove Pin=H_SD1-2 From Net=I2C1_SDA
Remove Pin=H_SD1-3 From Net=OLED_NRST
Remove Pin=H_SD1-4 From Net=OLED_TOGGLE
Remove Pin=MICRO_SD1-3 From Net=SPI.MOSI
Remove Pin=MICRO_SD1-5 From Net=SPI.CLK
Remove Pin=MICRO_SD1-7 From Net=SPI.MISO
Remove Pin=OLED1-14 From Net=RES#
Remove Pin=OLED1-18 From Net=I2C.SCL
Remove Pin=R15-1 From Net=LED1
Remove Pin=R16-1 From Net=LED2
Remove Pin=U1A-8 From Net=MCU_VCP_TX
Remove Pin=U1A-14 From Net=LED2
Remove Pin=U1A-15 From Net=LED1
Remove Pin=U1A-19 From Net=SD_C\D\
Remove Pin=U1A-20 From Net=SD_C\S\
Remove Pin=U1A-25 From Net=MCU_VCP_RX
Remove Pin=U1A-27 From Net=OLED_TOGGLE
Remove Pin=U1A-28 From Net=OLED_NRST
