Remove Pin=J3-5 From Net=SPI.CLK
Remove Pin=J3-7 From Net=SPI.MISO
Change Component Footprint: Designator=C18 Old Footprint=CAP-0402 New Footprint=CAPC1005X55N
Change Component Footprint: Designator=C19 Old Footprint=CAP-0402 New Footprint=FP-CL10-IPC_C
Change Component Footprint: Designator=C20 Old Footprint=CAP-0402 New Footprint=FP-CL10-IPC_C
Change Component Footprint: Designator=C21 Old Footprint=CAP-0402 New Footprint=FP-CL10-IPC_C
Change Component Footprint: Designator=C16 Old Footprint=CAP-0402 New Footprint=FP-CL21-IPC_B
Change Component Footprint: Designator=C17 Old Footprint=CAP-0402 New Footprint=FP-CL21-IPC_B
Change Component Comment: Designator=C19 Old Comment=CL05A106MQ5NUNC New Comment=10uF
Change Component Comment: Designator=C20 Old Comment=CL05A106MQ5NUNC New Comment=10uF
Change Component Comment: Designator=C21 Old Comment=CL05A106MQ5NUNC New Comment=10uF
Change Component Comment: Designator=C16 Old Comment=CL05A225MQ5NSNC New Comment=2.2uF
Change Component Comment: Designator=C17 Old Comment=CL05A225MQ5NSNC New Comment=2.2uF
Change Component Comment: Designator=C18 Old Comment=CL05B104KO5NNNC New Comment=0.1uF Ceramic Capacitor
Change Pin Designator/Name:  Old Designator=C18-1 Old Name=1 New Designator =2 New Name=2
Change Pin Designator/Name:  Old Designator=C18-2 Old Name=2 New Designator =1 New Name=1
Change Pin Designator/Name:  Old Designator=C19-1 Old Name=1 New Designator =2 New Name=2
Change Pin Designator/Name:  Old Designator=C19-2 Old Name=2 New Designator =1 New Name=1
Change Pin Designator/Name:  Old Designator=C20-1 Old Name=1 New Designator =2 New Name=2
Change Pin Designator/Name:  Old Designator=C20-2 Old Name=2 New Designator =1 New Name=1
Change Pin Designator/Name:  Old Designator=C21-1 Old Name=1 New Designator =2 New Name=2
Change Pin Designator/Name:  Old Designator=C21-2 Old Name=2 New Designator =1 New Name=1
