Added Component: Designator=D1A(FP-AP2012EC-MFG)
Added Component: Designator=D1B(FP-AP2012EC-MFG)
Added Component: Designator=LED1(FP-AP2012EC-MFG)
Added Component: Designator=LED2(FP-AP2012EC-MFG)
Added Component: Designator=U3(FP-DDC0006A-IPC_A)
Add Pin To Net: Unknown Pin: Pin C24-1
Add Pin To Net: Unknown Pin: Pin C24-2
Add Pin To Net: Unknown Pin: Pin C25-1
Add Pin To Net: Unknown Pin: Pin C25-2
Add Pin To Net: Unknown Pin: Pin D1A-2
Add Pin To Net: Unknown Pin: Pin D1B-2
Add Pin To Net: Unknown Pin: Pin LED1-1
Add Pin To Net: Unknown Pin: Pin LED1-2
Add Pin To Net: Unknown Pin: Pin LED2-1
Add Pin To Net: Unknown Pin: Pin LED2-2
Add Pin To Net: Unknown Pin: Pin U3-1
Add Pin To Net: Unknown Pin: Pin U3-2
Add Pin To Net: Unknown Pin: Pin U3-3
Add Pin To Net: Unknown Pin: Pin U3-4
Add Pin To Net: Unknown Pin: Pin U3-6
Added Pin To Net: NetName=NetD1A_1 Pin=Q1A-3
Added Pin To Net: NetName=NetD1A_1 Pin=R_BLOWN1A-1
Added Net: Name=NetD1A_1
Added Pin To Net: NetName=NetD1B_1 Pin=Q1B-3
Added Pin To Net: NetName=NetD1B_1 Pin=R_BLOWN1B-1
Added Net: Name=NetD1B_1
Add Class Member: Failed to add class member : Component C24 Capacitor
Add Class Member: Failed to add class member : Component C25 Capacitor
Add Class Member: Failed to add class member : Component D1A (D1) AP2012EC
Add Class Member: Failed to add class member : Component D1B (D1) AP2012EC
Add Class Member: Failed to add class member : Component LED1 AP2012EC
Add Class Member: Failed to add class member : Component LED2 AP2012EC
Add Class Member: Failed to add class member : Component U3 TPS54202DDCR
